****                   ADMIXTURE Version 1.3.0                  ****
****                    Copyright 2008-2015                     ****
****           David Alexander, Suyash Shringarpure,            ****
****                John  Novembre, Ken Lange                   ****
****                                                            ****
****                 Please cite our paper!                     ****
****   Information at www.genetics.ucla.edu/software/admixture  ****

Cross-validation will be performed.  Folds=10.
Random seed: 43
Point estimation method: Block relaxation algorithm
Convergence acceleration algorithm: QuasiNewton, 3 secant conditions
Point estimation will terminate when objective function delta < 0.0001
Estimation of standard errors disabled; will compute point estimates only.
Size of G: 59x8598
Performing five EM steps to prime main algorithm
1 (EM) 	Elapsed: 0.045	Loglikelihood: -146023	(delta): 428267
2 (EM) 	Elapsed: 0.034	Loglikelihood: -132129	(delta): 13893.4
3 (EM) 	Elapsed: 0.034	Loglikelihood: -128673	(delta): 3456.14
4 (EM) 	Elapsed: 0.035	Loglikelihood: -126565	(delta): 2108.03
5 (EM) 	Elapsed: 0.034	Loglikelihood: -124937	(delta): 1628.4
Initial loglikelihood: -124937
Starting main algorithm
1 (QN/Block) 	Elapsed: 0.114	Loglikelihood: -105150	(delta): 19787.1
2 (QN/Block) 	Elapsed: 0.113	Loglikelihood: -97240	(delta): 7909.77
3 (QN/Block) 	Elapsed: 0.131	Loglikelihood: -93449	(delta): 3791.04
4 (QN/Block) 	Elapsed: 0.124	Loglikelihood: -91233.1	(delta): 2215.88
5 (QN/Block) 	Elapsed: 0.124	Loglikelihood: -89942.3	(delta): 1290.86
6 (QN/Block) 	Elapsed: 0.128	Loglikelihood: -88755.9	(delta): 1186.33
7 (QN/Block) 	Elapsed: 0.138	Loglikelihood: -87966.9	(delta): 788.985
8 (QN/Block) 	Elapsed: 0.128	Loglikelihood: -87568.6	(delta): 398.348
9 (QN/Block) 	Elapsed: 0.128	Loglikelihood: -87455.6	(delta): 112.969
10 (QN/Block) 	Elapsed: 0.128	Loglikelihood: -87297.4	(delta): 158.247
11 (QN/Block) 	Elapsed: 0.133	Loglikelihood: -87179.7	(delta): 117.718
12 (QN/Block) 	Elapsed: 0.138	Loglikelihood: -87007.4	(delta): 172.211
13 (QN/Block) 	Elapsed: 0.129	Loglikelihood: -86925.7	(delta): 81.7829
14 (QN/Block) 	Elapsed: 0.135	Loglikelihood: -86763.5	(delta): 162.116
15 (QN/Block) 	Elapsed: 0.128	Loglikelihood: -86692	(delta): 71.5904
16 (QN/Block) 	Elapsed: 0.128	Loglikelihood: -86680	(delta): 11.9818
17 (QN/Block) 	Elapsed: 0.137	Loglikelihood: -86667	(delta): 12.9633
18 (QN/Block) 	Elapsed: 0.125	Loglikelihood: -86658.5	(delta): 8.53169
19 (QN/Block) 	Elapsed: 0.128	Loglikelihood: -86592.7	(delta): 65.7847
20 (QN/Block) 	Elapsed: 0.138	Loglikelihood: -86583.7	(delta): 9.00482
21 (QN/Block) 	Elapsed: 0.138	Loglikelihood: -86583.6	(delta): 0.104906
22 (QN/Block) 	Elapsed: 0.124	Loglikelihood: -86583.6	(delta): 0.00201775
23 (QN/Block) 	Elapsed: 0.138	Loglikelihood: -86583.6	(delta): 0.00165087
24 (QN/Block) 	Elapsed: 0.139	Loglikelihood: -86583.6	(delta): 0.00245072
25 (QN/Block) 	Elapsed: 0.139	Loglikelihood: -86583.6	(delta): 0.0038793
26 (QN/Block) 	Elapsed: 0.139	Loglikelihood: -86583.6	(delta): 0.00616784
27 (QN/Block) 	Elapsed: 0.139	Loglikelihood: -86583.6	(delta): 0.00981894
28 (QN/Block) 	Elapsed: 0.14	Loglikelihood: -86583.5	(delta): 0.0156515
29 (QN/Block) 	Elapsed: 0.139	Loglikelihood: -86583.5	(delta): 0.0249886
30 (QN/Block) 	Elapsed: 0.139	Loglikelihood: -86583.5	(delta): 0.0399841
31 (QN/Block) 	Elapsed: 0.139	Loglikelihood: -86583.4	(delta): 0.0641614
32 (QN/Block) 	Elapsed: 0.139	Loglikelihood: -86583.3	(delta): 0.103334
33 (QN/Block) 	Elapsed: 0.139	Loglikelihood: -86583.1	(delta): 0.167205
34 (QN/Block) 	Elapsed: 0.138	Loglikelihood: -86582.9	(delta): 0.263463
35 (QN/Block) 	Elapsed: 0.139	Loglikelihood: -86582.5	(delta): 0.339291
36 (QN/Block) 	Elapsed: 0.139	Loglikelihood: -86582.1	(delta): 0.433649
37 (QN/Block) 	Elapsed: 0.139	Loglikelihood: -86581.6	(delta): 0.555032
38 (QN/Block) 	Elapsed: 0.139	Loglikelihood: -86580.9	(delta): 0.678174
39 (QN/Block) 	Elapsed: 0.139	Loglikelihood: -86580.2	(delta): 0.661017
40 (QN/Block) 	Elapsed: 0.139	Loglikelihood: -86579.8	(delta): 0.391441
41 (QN/Block) 	Elapsed: 0.139	Loglikelihood: -86579.7	(delta): 0.0895223
42 (QN/Block) 	Elapsed: 0.125	Loglikelihood: -86579.7	(delta): 0.00111573
43 (QN/Block) 	Elapsed: 0.124	Loglikelihood: -86579.7	(delta): 7.11443e-08
Summary: 
Converged in 43 iterations (6.17 sec)
Loglikelihood: -86579.730785
Fst divergences between estimated populations: 
	Pop0	Pop1	Pop2	Pop3	
Pop0	
Pop1	0.220	
Pop2	0.322	0.307	
Pop3	0.649	0.616	0.536	
Pop4	0.226	0.242	0.247	0.602	
CV error (K=5): 0.51020
Writing output files.
