****                   ADMIXTURE Version 1.3.0                  ****
****                    Copyright 2008-2015                     ****
****           David Alexander, Suyash Shringarpure,            ****
****                John  Novembre, Ken Lange                   ****
****                                                            ****
****                 Please cite our paper!                     ****
****   Information at www.genetics.ucla.edu/software/admixture  ****

Cross-validation will be performed.  Folds=10.
Random seed: 43
Point estimation method: Block relaxation algorithm
Convergence acceleration algorithm: QuasiNewton, 3 secant conditions
Point estimation will terminate when objective function delta < 0.0001
Estimation of standard errors disabled; will compute point estimates only.
Size of G: 59x8598
Performing five EM steps to prime main algorithm
1 (EM) 	Elapsed: 0.116	Loglikelihood: -145273	(delta): 403438
2 (EM) 	Elapsed: 0.083	Loglikelihood: -129548	(delta): 15724.8
3 (EM) 	Elapsed: 0.084	Loglikelihood: -125387	(delta): 4161.65
4 (EM) 	Elapsed: 0.084	Loglikelihood: -122674	(delta): 2712.91
5 (EM) 	Elapsed: 0.119	Loglikelihood: -120494	(delta): 2180.18
Initial loglikelihood: -120494
Starting main algorithm
1 (QN/Block) 	Elapsed: 0.308	Loglikelihood: -92967.6	(delta): 27526.2
2 (QN/Block) 	Elapsed: 0.303	Loglikelihood: -79767.9	(delta): 13199.7
3 (QN/Block) 	Elapsed: 0.328	Loglikelihood: -73009.9	(delta): 6757.97
4 (QN/Block) 	Elapsed: 0.33	Loglikelihood: -69439.5	(delta): 3570.37
5 (QN/Block) 	Elapsed: 0.341	Loglikelihood: -67536	(delta): 1903.54
6 (QN/Block) 	Elapsed: 0.346	Loglikelihood: -66504.9	(delta): 1031.08
7 (QN/Block) 	Elapsed: 0.334	Loglikelihood: -66070.8	(delta): 434.127
8 (QN/Block) 	Elapsed: 0.311	Loglikelihood: -65910.4	(delta): 160.439
9 (QN/Block) 	Elapsed: 0.313	Loglikelihood: -65869.1	(delta): 41.2514
10 (QN/Block) 	Elapsed: 0.313	Loglikelihood: -65851.5	(delta): 17.5625
11 (QN/Block) 	Elapsed: 0.328	Loglikelihood: -65840.3	(delta): 11.2522
12 (QN/Block) 	Elapsed: 0.325	Loglikelihood: -65789.8	(delta): 50.4642
13 (QN/Block) 	Elapsed: 0.318	Loglikelihood: -65767.8	(delta): 22.0145
14 (QN/Block) 	Elapsed: 0.316	Loglikelihood: -65765.5	(delta): 2.32035
15 (QN/Block) 	Elapsed: 0.316	Loglikelihood: -65765.2	(delta): 0.25217
16 (QN/Block) 	Elapsed: 0.316	Loglikelihood: -65765.2	(delta): 0.0167348
17 (QN/Block) 	Elapsed: 0.316	Loglikelihood: -65765.2	(delta): 0.0016063
18 (QN/Block) 	Elapsed: 0.316	Loglikelihood: -65765.2	(delta): 5.8872e-05
Summary: 
Converged in 18 iterations (6.459 sec)
Loglikelihood: -65765.215082
Fst divergences between estimated populations: 
	Pop0	Pop1	Pop2	Pop3	Pop4	Pop5	Pop6	Pop7	Pop8	
Pop0	
Pop1	0.154	
Pop2	0.381	0.357	
Pop3	0.550	0.524	0.512	
Pop4	0.326	0.308	0.466	0.602	
Pop5	0.204	0.189	0.408	0.583	0.354	
Pop6	0.424	0.402	0.319	0.510	0.492	0.452	
Pop7	0.292	0.271	0.241	0.476	0.404	0.319	0.318	
Pop8	0.400	0.378	0.284	0.471	0.471	0.426	0.219	0.287	
Pop9	0.610	0.591	0.655	0.784	0.612	0.637	0.678	0.599	0.654	
CV error (K=10): 0.60800
Writing output files.
