****                   ADMIXTURE Version 1.3.0                  ****
****                    Copyright 2008-2015                     ****
****           David Alexander, Suyash Shringarpure,            ****
****                John  Novembre, Ken Lange                   ****
****                                                            ****
****                 Please cite our paper!                     ****
****   Information at www.genetics.ucla.edu/software/admixture  ****

Cross-validation will be performed.  Folds=10.
Random seed: 43
Point estimation method: Block relaxation algorithm
Convergence acceleration algorithm: QuasiNewton, 3 secant conditions
Point estimation will terminate when objective function delta < 0.0001
Estimation of standard errors disabled; will compute point estimates only.
Size of G: 59x8598
Performing five EM steps to prime main algorithm
1 (EM) 	Elapsed: 0.024	Loglikelihood: -143178	(delta): 507816
2 (EM) 	Elapsed: 0.021	Loglikelihood: -134953	(delta): 8224.6
3 (EM) 	Elapsed: 0.019	Loglikelihood: -133256	(delta): 1697.46
4 (EM) 	Elapsed: 0.016	Loglikelihood: -132313	(delta): 942.573
5 (EM) 	Elapsed: 0.014	Loglikelihood: -131722	(delta): 591.301
Initial loglikelihood: -131722
Starting main algorithm
1 (QN/Block) 	Elapsed: 0.049	Loglikelihood: -125246	(delta): 6475.87
2 (QN/Block) 	Elapsed: 0.049	Loglikelihood: -116131	(delta): 9114.59
3 (QN/Block) 	Elapsed: 0.061	Loglikelihood: -112971	(delta): 3160.35
4 (QN/Block) 	Elapsed: 0.056	Loglikelihood: -111732	(delta): 1239.52
5 (QN/Block) 	Elapsed: 0.056	Loglikelihood: -110917	(delta): 814.844
6 (QN/Block) 	Elapsed: 0.06	Loglikelihood: -110601	(delta): 316.091
7 (QN/Block) 	Elapsed: 0.067	Loglikelihood: -110557	(delta): 43.153
8 (QN/Block) 	Elapsed: 0.063	Loglikelihood: -110557	(delta): 0.271335
9 (QN/Block) 	Elapsed: 0.057	Loglikelihood: -110557	(delta): 0.000511714
10 (QN/Block) 	Elapsed: 0.056	Loglikelihood: -110557	(delta): 1.09841e-05
Summary: 
Converged in 10 iterations (0.749 sec)
Loglikelihood: -110557.217285
Fst divergences between estimated populations: 
	Pop0	
Pop0	
Pop1	0.223	
CV error (K=2): 0.48616
Writing output files.
