****                   ADMIXTURE Version 1.3.0                  ****
****                    Copyright 2008-2015                     ****
****           David Alexander, Suyash Shringarpure,            ****
****                John  Novembre, Ken Lange                   ****
****                                                            ****
****                 Please cite our paper!                     ****
****   Information at www.genetics.ucla.edu/software/admixture  ****

Cross-validation will be performed.  Folds=10.
Random seed: 43
Point estimation method: Block relaxation algorithm
Convergence acceleration algorithm: QuasiNewton, 3 secant conditions
Point estimation will terminate when objective function delta < 0.0001
Estimation of standard errors disabled; will compute point estimates only.
Size of G: 59x8598
Performing five EM steps to prime main algorithm
1 (EM) 	Elapsed: 0.082	Loglikelihood: -145259	(delta): 406454
2 (EM) 	Elapsed: 0.072	Loglikelihood: -130043	(delta): 15216.4
3 (EM) 	Elapsed: 0.072	Loglikelihood: -126103	(delta): 3939.58
4 (EM) 	Elapsed: 0.072	Loglikelihood: -123644	(delta): 2458.98
5 (EM) 	Elapsed: 0.073	Loglikelihood: -121763	(delta): 1881.59
Initial loglikelihood: -121763
Starting main algorithm
1 (QN/Block) 	Elapsed: 0.258	Loglikelihood: -98448.6	(delta): 23314.1
2 (QN/Block) 	Elapsed: 0.254	Loglikelihood: -86040.5	(delta): 12408
3 (QN/Block) 	Elapsed: 0.277	Loglikelihood: -77770.9	(delta): 8269.61
4 (QN/Block) 	Elapsed: 0.286	Loglikelihood: -73452.9	(delta): 4318
5 (QN/Block) 	Elapsed: 0.265	Loglikelihood: -71503	(delta): 1949.93
6 (QN/Block) 	Elapsed: 0.265	Loglikelihood: -70244.6	(delta): 1258.42
7 (QN/Block) 	Elapsed: 0.284	Loglikelihood: -69723.4	(delta): 521.108
8 (QN/Block) 	Elapsed: 0.322	Loglikelihood: -69520	(delta): 203.444
9 (QN/Block) 	Elapsed: 0.265	Loglikelihood: -69441.7	(delta): 78.287
10 (QN/Block) 	Elapsed: 0.283	Loglikelihood: -69422.8	(delta): 18.9246
11 (QN/Block) 	Elapsed: 0.27	Loglikelihood: -69415.9	(delta): 6.92519
12 (QN/Block) 	Elapsed: 0.269	Loglikelihood: -69410.7	(delta): 5.16735
13 (QN/Block) 	Elapsed: 0.283	Loglikelihood: -69409.2	(delta): 1.52315
14 (QN/Block) 	Elapsed: 0.288	Loglikelihood: -69409.1	(delta): 0.0466946
15 (QN/Block) 	Elapsed: 0.325	Loglikelihood: -69409.1	(delta): 9.57079e-08
Summary: 
Converged in 15 iterations (4.723 sec)
Loglikelihood: -69409.130297
Fst divergences between estimated populations: 
	Pop0	Pop1	Pop2	Pop3	Pop4	Pop5	Pop6	Pop7	
Pop0	
Pop1	0.372	
Pop2	0.614	0.628	
Pop3	0.404	0.510	0.689	
Pop4	0.139	0.337	0.582	0.361	
Pop5	0.318	0.219	0.609	0.481	0.280	
Pop6	0.373	0.151	0.630	0.513	0.337	0.225	
Pop7	0.360	0.469	0.641	0.280	0.320	0.441	0.470	
Pop8	0.394	0.390	0.690	0.570	0.356	0.315	0.394	0.523	
CV error (K=9): 0.61035
Writing output files.
