****                   ADMIXTURE Version 1.3.0                  ****
****                    Copyright 2008-2015                     ****
****           David Alexander, Suyash Shringarpure,            ****
****                John  Novembre, Ken Lange                   ****
****                                                            ****
****                 Please cite our paper!                     ****
****   Information at www.genetics.ucla.edu/software/admixture  ****

Cross-validation will be performed.  Folds=10.
Random seed: 43
Point estimation method: Block relaxation algorithm
Convergence acceleration algorithm: QuasiNewton, 3 secant conditions
Point estimation will terminate when objective function delta < 0.0001
Estimation of standard errors disabled; will compute point estimates only.
Size of G: 59x8598
Performing five EM steps to prime main algorithm
1 (EM) 	Elapsed: 0.082	Loglikelihood: -145339	(delta): 409868
2 (EM) 	Elapsed: 0.062	Loglikelihood: -130309	(delta): 15029.9
3 (EM) 	Elapsed: 0.062	Loglikelihood: -126406	(delta): 3903.14
4 (EM) 	Elapsed: 0.062	Loglikelihood: -123936	(delta): 2470.28
5 (EM) 	Elapsed: 0.062	Loglikelihood: -122002	(delta): 1933.99
Initial loglikelihood: -122002
Starting main algorithm
1 (QN/Block) 	Elapsed: 0.217	Loglikelihood: -97018.8	(delta): 24982.8
2 (QN/Block) 	Elapsed: 0.212	Loglikelihood: -84902.3	(delta): 12116.4
3 (QN/Block) 	Elapsed: 0.233	Loglikelihood: -78407.4	(delta): 6494.93
4 (QN/Block) 	Elapsed: 0.237	Loglikelihood: -74828.5	(delta): 3578.89
5 (QN/Block) 	Elapsed: 0.242	Loglikelihood: -73118.4	(delta): 1710.07
6 (QN/Block) 	Elapsed: 0.223	Loglikelihood: -72212.3	(delta): 906.177
7 (QN/Block) 	Elapsed: 0.231	Loglikelihood: -71709	(delta): 503.268
8 (QN/Block) 	Elapsed: 0.245	Loglikelihood: -71579.9	(delta): 129.066
9 (QN/Block) 	Elapsed: 0.222	Loglikelihood: -71528.4	(delta): 51.4899
10 (QN/Block) 	Elapsed: 0.233	Loglikelihood: -71488.8	(delta): 39.6275
11 (QN/Block) 	Elapsed: 0.234	Loglikelihood: -71339.1	(delta): 149.759
12 (QN/Block) 	Elapsed: 0.228	Loglikelihood: -71188.5	(delta): 150.549
13 (QN/Block) 	Elapsed: 0.223	Loglikelihood: -71009.2	(delta): 179.357
14 (QN/Block) 	Elapsed: 0.24	Loglikelihood: -70910.5	(delta): 98.6763
15 (QN/Block) 	Elapsed: 0.222	Loglikelihood: -70833.5	(delta): 76.9531
16 (QN/Block) 	Elapsed: 0.242	Loglikelihood: -70823	(delta): 10.534
17 (QN/Block) 	Elapsed: 0.228	Loglikelihood: -70804.8	(delta): 18.1719
18 (QN/Block) 	Elapsed: 0.24	Loglikelihood: -70795.4	(delta): 9.40295
19 (QN/Block) 	Elapsed: 0.244	Loglikelihood: -70793.5	(delta): 1.8804
20 (QN/Block) 	Elapsed: 0.24	Loglikelihood: -70792.3	(delta): 1.19402
21 (QN/Block) 	Elapsed: 0.241	Loglikelihood: -70790.3	(delta): 2.00534
22 (QN/Block) 	Elapsed: 0.241	Loglikelihood: -70789.9	(delta): 0.484745
23 (QN/Block) 	Elapsed: 0.226	Loglikelihood: -70789.8	(delta): 0.00496003
24 (QN/Block) 	Elapsed: 0.228	Loglikelihood: -70789.8	(delta): 0.00158029
25 (QN/Block) 	Elapsed: 0.223	Loglikelihood: -70789.8	(delta): 4.32458e-05
Summary: 
Converged in 25 iterations (6.334 sec)
Loglikelihood: -70789.845911
Fst divergences between estimated populations: 
	Pop0	Pop1	Pop2	Pop3	Pop4	Pop5	Pop6	
Pop0	
Pop1	0.609	
Pop2	0.198	0.627	
Pop3	0.171	0.599	0.184	
Pop4	0.355	0.637	0.379	0.351	
Pop5	0.346	0.605	0.366	0.341	0.207	
Pop6	0.330	0.612	0.339	0.316	0.448	0.423	
Pop7	0.298	0.610	0.315	0.288	0.235	0.255	0.413	
CV error (K=8): 0.57795
Writing output files.
