****                   ADMIXTURE Version 1.3.0                  ****
****                    Copyright 2008-2015                     ****
****           David Alexander, Suyash Shringarpure,            ****
****                John  Novembre, Ken Lange                   ****
****                                                            ****
****                 Please cite our paper!                     ****
****   Information at www.genetics.ucla.edu/software/admixture  ****

Cross-validation will be performed.  Folds=10.
Random seed: 43
Point estimation method: Block relaxation algorithm
Convergence acceleration algorithm: QuasiNewton, 3 secant conditions
Point estimation will terminate when objective function delta < 0.0001
Estimation of standard errors disabled; will compute point estimates only.
Size of G: 59x8598
Performing five EM steps to prime main algorithm
1 (EM) 	Elapsed: 0.079	Loglikelihood: -144878	(delta): 415874
2 (EM) 	Elapsed: 0.053	Loglikelihood: -129420	(delta): 15458
3 (EM) 	Elapsed: 0.052	Loglikelihood: -125036	(delta): 4383.71
4 (EM) 	Elapsed: 0.052	Loglikelihood: -122218	(delta): 2818.07
5 (EM) 	Elapsed: 0.052	Loglikelihood: -120011	(delta): 2207.19
Initial loglikelihood: -120011
Starting main algorithm
1 (QN/Block) 	Elapsed: 0.178	Loglikelihood: -95696.1	(delta): 24314.4
2 (QN/Block) 	Elapsed: 0.175	Loglikelihood: -84398.8	(delta): 11297.4
3 (QN/Block) 	Elapsed: 0.195	Loglikelihood: -79804.2	(delta): 4594.62
4 (QN/Block) 	Elapsed: 0.267	Loglikelihood: -77670	(delta): 2134.2
5 (QN/Block) 	Elapsed: 0.188	Loglikelihood: -76406.6	(delta): 1263.41
6 (QN/Block) 	Elapsed: 0.187	Loglikelihood: -75957.5	(delta): 449.099
7 (QN/Block) 	Elapsed: 0.187	Loglikelihood: -75578.9	(delta): 378.564
8 (QN/Block) 	Elapsed: 0.203	Loglikelihood: -75401.1	(delta): 177.761
9 (QN/Block) 	Elapsed: 0.186	Loglikelihood: -75283	(delta): 118.104
10 (QN/Block) 	Elapsed: 0.186	Loglikelihood: -74995.6	(delta): 287.446
11 (QN/Block) 	Elapsed: 0.191	Loglikelihood: -74903.5	(delta): 92.081
12 (QN/Block) 	Elapsed: 0.185	Loglikelihood: -74891.1	(delta): 12.4457
13 (QN/Block) 	Elapsed: 0.231	Loglikelihood: -74890.4	(delta): 0.624166
14 (QN/Block) 	Elapsed: 0.195	Loglikelihood: -74890.3	(delta): 0.0957676
15 (QN/Block) 	Elapsed: 0.185	Loglikelihood: -74890.3	(delta): 0.083015
16 (QN/Block) 	Elapsed: 0.186	Loglikelihood: -74890.2	(delta): 0.0261575
17 (QN/Block) 	Elapsed: 0.243	Loglikelihood: -74890.2	(delta): 0.0144225
18 (QN/Block) 	Elapsed: 0.185	Loglikelihood: -74890.2	(delta): 0.000218677
19 (QN/Block) 	Elapsed: 0.189	Loglikelihood: -74890.2	(delta): 8.41999e-06
Summary: 
Converged in 19 iterations (4.195 sec)
Loglikelihood: -74890.214889
Fst divergences between estimated populations: 
	Pop0	Pop1	Pop2	Pop3	Pop4	Pop5	
Pop0	
Pop1	0.282	
Pop2	0.340	0.182	
Pop3	0.121	0.256	0.316	
Pop4	0.305	0.395	0.445	0.300	
Pop5	0.349	0.205	0.252	0.331	0.434	
Pop6	0.603	0.595	0.644	0.588	0.612	0.626	
CV error (K=7): 0.54670
Writing output files.
