****                   ADMIXTURE Version 1.3.0                  ****
****                    Copyright 2008-2015                     ****
****           David Alexander, Suyash Shringarpure,            ****
****                John  Novembre, Ken Lange                   ****
****                                                            ****
****                 Please cite our paper!                     ****
****   Information at www.genetics.ucla.edu/software/admixture  ****

Cross-validation will be performed.  Folds=10.
Random seed: 43
Point estimation method: Block relaxation algorithm
Convergence acceleration algorithm: QuasiNewton, 3 secant conditions
Point estimation will terminate when objective function delta < 0.0001
Estimation of standard errors disabled; will compute point estimates only.
Size of G: 59x8598
Performing five EM steps to prime main algorithm
1 (EM) 	Elapsed: 0.021	Loglikelihood: -146440	(delta): 463096
2 (EM) 	Elapsed: 0.02	Loglikelihood: -134489	(delta): 11951.6
3 (EM) 	Elapsed: 0.02	Loglikelihood: -131901	(delta): 2587.39
4 (EM) 	Elapsed: 0.02	Loglikelihood: -130414	(delta): 1486.78
5 (EM) 	Elapsed: 0.02	Loglikelihood: -129337	(delta): 1077.66
Initial loglikelihood: -129337
Starting main algorithm
1 (QN/Block) 	Elapsed: 0.067	Loglikelihood: -119991	(delta): 9345.42
2 (QN/Block) 	Elapsed: 0.067	Loglikelihood: -113308	(delta): 6682.93
3 (QN/Block) 	Elapsed: 0.077	Loglikelihood: -110955	(delta): 2353.48
4 (QN/Block) 	Elapsed: 0.076	Loglikelihood: -109130	(delta): 1825.35
5 (QN/Block) 	Elapsed: 0.08	Loglikelihood: -107659	(delta): 1470.75
6 (QN/Block) 	Elapsed: 0.077	Loglikelihood: -106288	(delta): 1370.72
7 (QN/Block) 	Elapsed: 0.085	Loglikelihood: -105140	(delta): 1148.02
8 (QN/Block) 	Elapsed: 0.081	Loglikelihood: -103495	(delta): 1645.13
9 (QN/Block) 	Elapsed: 0.08	Loglikelihood: -99789.8	(delta): 3705.14
10 (QN/Block) 	Elapsed: 0.088	Loglikelihood: -98510.3	(delta): 1279.45
11 (QN/Block) 	Elapsed: 0.077	Loglikelihood: -98069.1	(delta): 441.269
12 (QN/Block) 	Elapsed: 0.077	Loglikelihood: -97807.9	(delta): 261.13
13 (QN/Block) 	Elapsed: 0.076	Loglikelihood: -97649	(delta): 158.921
14 (QN/Block) 	Elapsed: 0.084	Loglikelihood: -97613.8	(delta): 35.1939
15 (QN/Block) 	Elapsed: 0.076	Loglikelihood: -97610.5	(delta): 3.32803
16 (QN/Block) 	Elapsed: 0.084	Loglikelihood: -97610.3	(delta): 0.153603
17 (QN/Block) 	Elapsed: 0.076	Loglikelihood: -97610.3	(delta): 0.000632234
18 (QN/Block) 	Elapsed: 0.076	Loglikelihood: -97610.3	(delta): 5.42327e-05
Summary: 
Converged in 18 iterations (1.619 sec)
Loglikelihood: -97610.338143
Fst divergences between estimated populations: 
	Pop0	Pop1	
Pop0	
Pop1	0.326	
Pop2	0.243	0.241	
CV error (K=3): 0.47333
Writing output files.
