****                   ADMIXTURE Version 1.3.0                  ****
****                    Copyright 2008-2015                     ****
****           David Alexander, Suyash Shringarpure,            ****
****                John  Novembre, Ken Lange                   ****
****                                                            ****
****                 Please cite our paper!                     ****
****   Information at www.genetics.ucla.edu/software/admixture  ****

Cross-validation will be performed.  Folds=10.
Random seed: 43
Point estimation method: Block relaxation algorithm
Convergence acceleration algorithm: QuasiNewton, 3 secant conditions
Point estimation will terminate when objective function delta < 0.0001
Estimation of standard errors disabled; will compute point estimates only.
Size of G: 59x8598
Performing five EM steps to prime main algorithm
1 (EM) 	Elapsed: 0.053	Loglikelihood: -144979	(delta): 421486
2 (EM) 	Elapsed: 0.043	Loglikelihood: -130243	(delta): 14735
3 (EM) 	Elapsed: 0.043	Loglikelihood: -126259	(delta): 3984.89
4 (EM) 	Elapsed: 0.043	Loglikelihood: -123821	(delta): 2437.95
5 (EM) 	Elapsed: 0.043	Loglikelihood: -121980	(delta): 1840.47
Initial loglikelihood: -121980
Starting main algorithm
1 (QN/Block) 	Elapsed: 0.145	Loglikelihood: -101405	(delta): 20575.3
2 (QN/Block) 	Elapsed: 0.166	Loglikelihood: -93013.3	(delta): 8391.54
3 (QN/Block) 	Elapsed: 0.197	Loglikelihood: -86972.1	(delta): 6041.27
4 (QN/Block) 	Elapsed: 0.16	Loglikelihood: -83018.2	(delta): 3953.86
5 (QN/Block) 	Elapsed: 0.172	Loglikelihood: -80557.2	(delta): 2461.04
6 (QN/Block) 	Elapsed: 0.169	Loglikelihood: -79036.4	(delta): 1520.78
7 (QN/Block) 	Elapsed: 0.154	Loglikelihood: -78065.1	(delta): 971.283
8 (QN/Block) 	Elapsed: 0.164	Loglikelihood: -77680	(delta): 385.065
9 (QN/Block) 	Elapsed: 0.169	Loglikelihood: -77545.5	(delta): 134.492
10 (QN/Block) 	Elapsed: 0.154	Loglikelihood: -77485.2	(delta): 60.3756
11 (QN/Block) 	Elapsed: 0.162	Loglikelihood: -77421.6	(delta): 63.5449
12 (QN/Block) 	Elapsed: 0.154	Loglikelihood: -77337.7	(delta): 83.8834
13 (QN/Block) 	Elapsed: 0.169	Loglikelihood: -77293.9	(delta): 43.8379
14 (QN/Block) 	Elapsed: 0.154	Loglikelihood: -77229.4	(delta): 64.4553
15 (QN/Block) 	Elapsed: 0.154	Loglikelihood: -77225.7	(delta): 3.73596
16 (QN/Block) 	Elapsed: 0.154	Loglikelihood: -77225.6	(delta): 0.073975
17 (QN/Block) 	Elapsed: 0.154	Loglikelihood: -77225.6	(delta): 0.0142892
18 (QN/Block) 	Elapsed: 0.153	Loglikelihood: -77225.6	(delta): 0.00169694
19 (QN/Block) 	Elapsed: 0.157	Loglikelihood: -77225.6	(delta): 8.21647e-05
Summary: 
Converged in 19 iterations (3.44 sec)
Loglikelihood: -77225.616881
Fst divergences between estimated populations: 
	Pop0	Pop1	Pop2	Pop3	Pop4	
Pop0	
Pop1	0.362	
Pop2	0.688	0.575	
Pop3	0.333	0.262	0.590	
Pop4	0.496	0.282	0.612	0.399	
Pop5	0.412	0.325	0.618	0.188	0.434	
CV error (K=6): 0.51271
Writing output files.
