****                   ADMIXTURE Version 1.3.0                  ****
****                    Copyright 2008-2015                     ****
****           David Alexander, Suyash Shringarpure,            ****
****                John  Novembre, Ken Lange                   ****
****                                                            ****
****                 Please cite our paper!                     ****
****   Information at www.genetics.ucla.edu/software/admixture  ****

Cross-validation will be performed.  Folds=10.
Random seed: 43
Point estimation method: Block relaxation algorithm
Convergence acceleration algorithm: QuasiNewton, 3 secant conditions
Point estimation will terminate when objective function delta < 0.0001
Estimation of standard errors disabled; will compute point estimates only.
Size of G: 59x8598
Performing five EM steps to prime main algorithm
1 (EM) 	Elapsed: 0.036	Loglikelihood: -145291	(delta): 445043
2 (EM) 	Elapsed: 0.027	Loglikelihood: -131957	(delta): 13334
3 (EM) 	Elapsed: 0.027	Loglikelihood: -128816	(delta): 3141.38
4 (EM) 	Elapsed: 0.027	Loglikelihood: -127026	(delta): 1789.41
5 (EM) 	Elapsed: 0.027	Loglikelihood: -125758	(delta): 1268.4
Initial loglikelihood: -125758
Starting main algorithm
1 (QN/Block) 	Elapsed: 0.093	Loglikelihood: -109360	(delta): 16397.7
2 (QN/Block) 	Elapsed: 0.091	Loglikelihood: -99979.4	(delta): 9380.76
3 (QN/Block) 	Elapsed: 0.106	Loglikelihood: -94566.3	(delta): 5413.08
4 (QN/Block) 	Elapsed: 0.116	Loglikelihood: -91974.9	(delta): 2591.42
5 (QN/Block) 	Elapsed: 0.112	Loglikelihood: -90427.1	(delta): 1547.78
6 (QN/Block) 	Elapsed: 0.113	Loglikelihood: -89563.4	(delta): 863.668
7 (QN/Block) 	Elapsed: 0.104	Loglikelihood: -89165.3	(delta): 398.18
8 (QN/Block) 	Elapsed: 0.098	Loglikelihood: -89071.4	(delta): 93.8829
9 (QN/Block) 	Elapsed: 0.1	Loglikelihood: -89051.6	(delta): 19.8056
10 (QN/Block) 	Elapsed: 0.113	Loglikelihood: -89047.4	(delta): 4.14379
11 (QN/Block) 	Elapsed: 0.099	Loglikelihood: -89047.4	(delta): 0.0735804
12 (QN/Block) 	Elapsed: 0.099	Loglikelihood: -89047.4	(delta): 0.00177977
13 (QN/Block) 	Elapsed: 0.112	Loglikelihood: -89047.4	(delta): 9.91613e-06
Summary: 
Converged in 13 iterations (1.602 sec)
Loglikelihood: -89047.362218
Fst divergences between estimated populations: 
	Pop0	Pop1	Pop2	
Pop0	
Pop1	0.276	
Pop2	0.242	0.384	
Pop3	0.557	0.612	0.572	
CV error (K=4): 0.47219
Writing output files.
